<?xml version="1.0" encoding="UTF-8"?>
<!-- Generated by org.testng.reporters.JUnitReportReporter -->
<testsuite hostname="DESKTOP-0NN2DFH" failures="0" tests="1" name="cucumberoptions.TestNGTestrunner" time="14.062" errors="0" timestamp="2023-12-06T09:56:09 EST" skipped="0">
  <testcase classname="cucumberoptions.TestNGTestrunner" name="runScenario" time="14.062"/>
</testsuite> <!-- cucumberoptions.TestNGTestrunner -->
