<?xml version="1.0" encoding="UTF-8"?>
<!-- Generated by org.testng.reporters.JUnitReportReporter -->
<testsuite hostname="DESKTOP-0NN2DFH" failures="0" tests="4" name="dstestdata.DataDrivenTest" time="32.902" errors="0" timestamp="2022-07-05T13:30:47 EDT" skipped="0">
  <testcase classname="dstestdata.DataDrivenTest" name="demoClass" time="7.862"/>
  <system-out/>
  <testcase classname="dstestdata.DataDrivenTest" name="demoClass" time="8.344"/>
  <system-out/>
  <testcase classname="dstestdata.DataDrivenTest" name="demoClass" time="8.079"/>
  <system-out/>
  <testcase classname="dstestdata.DataDrivenTest" name="demoClass" time="8.617"/>
  <system-out/>
</testsuite> <!-- dstestdata.DataDrivenTest -->
