<?xml version="1.0" encoding="UTF-8"?>
<!-- Generated by org.testng.reporters.JUnitReportReporter -->
<testsuite hostname="DESKTOP-0NN2DFH" failures="0" tests="1" name="dstestcases.Linkedlisttest" time="2.546" errors="0" timestamp="2022-07-05T13:30:47 EDT" skipped="0">
  <testcase classname="dstestcases.Linkedlisttest" name="tst06_Linkedlistaction" time="2.546"/>
  <system-out/>
</testsuite> <!-- dstestcases.Linkedlisttest -->
