<?xml version="1.0" encoding="UTF-8"?>
<!-- Generated by org.testng.reporters.JUnitReportReporter -->
<testsuite hostname="DESKTOP-0NN2DFH" failures="0" tests="1" name="algo.Array" time="11.740" errors="0" timestamp="23 Jun 2022 10:21:36 GMT">
  <testcase classname="algo.Array" name="start" time="11.740"/>
</testsuite> <!-- algo.Array -->
