<?xml version="1.0" encoding="UTF-8"?>
<!-- Generated by org.testng.reporters.JUnitReportReporter -->
<testsuite hostname="DESKTOP-0NN2DFH" failures="0" tests="1" name="algo.Base_Pro" time="7.044" errors="0" timestamp="20 Jun 2022 22:11:03 GMT">
  <testcase classname="algo.Base_Pro" name="start" time="7.044"/>
</testsuite> <!-- algo.Base_Pro -->
