<?xml version="1.0" encoding="UTF-8"?>
<!-- Generated by org.testng.reporters.JUnitReportReporter -->
<testsuite hostname="DESKTOP-0NN2DFH" failures="0" tests="1" name="dstestcases.Stacktest" time="1.210" errors="0" timestamp="2022-07-05T13:30:47 EDT" skipped="0">
  <testcase classname="dstestcases.Stacktest" name="tst04_Stackaction" time="1.210"/>
  <system-out/>
</testsuite> <!-- dstestcases.Stacktest -->
