<?xml version="1.0" encoding="UTF-8"?>
<!-- Generated by org.testng.reporters.JUnitReportReporter -->
<testsuite hostname="DESKTOP-0NN2DFH" failures="0" tests="2" name="dstestcases.Treetest" time="2.874" errors="0" timestamp="2022-07-05T13:30:47 EDT" skipped="0">
  <testcase classname="dstestcases.Treetest" name="tst03_moveToTreepage" time="0.277"/>
  <system-out/>
  <testcase classname="dstestcases.Treetest" name="tst04_Treeaction" time="2.597"/>
  <system-out/>
</testsuite> <!-- dstestcases.Treetest -->
