<?xml version="1.0" encoding="UTF-8"?>
<!-- Generated by org.testng.reporters.JUnitReportReporter -->
<testsuite hostname="DESKTOP-0NN2DFH" failures="0" tests="4" name="dstestdata.PomTest" time="34.556" errors="0" timestamp="30 Jun 2022 04:06:53 GMT">
  <testcase classname="dstestdata.PomTest" name="demoClass" time="8.065"/>
  <testcase classname="dstestdata.PomTest" name="demoClass" time="7.678"/>
  <testcase classname="dstestdata.PomTest" name="demoClass" time="9.958"/>
  <testcase classname="dstestdata.PomTest" name="demoClass" time="8.855"/>
</testsuite> <!-- dstestdata.PomTest -->
