<?xml version="1.0" encoding="UTF-8"?>
<!-- Generated by org.testng.reporters.JUnitReportReporter -->
<testsuite hostname="DESKTOP-0NN2DFH" failures="0" tests="1" name="algo.Tree" time="33.135" errors="0" timestamp="21 Jun 2022 14:42:50 GMT">
  <testcase classname="algo.Tree" name="start" time="33.135"/>
</testsuite> <!-- algo.Tree -->
