<?xml version="1.0" encoding="UTF-8"?>
<!-- Generated by org.testng.reporters.JUnitReportReporter -->
<testsuite hostname="DESKTOP-0NN2DFH" failures="0" tests="1" name="dstestcases.LoggerTest" time="0.666" errors="0" timestamp="2022-08-04T09:21:23 EDT" skipped="0">
  <testcase classname="dstestcases.LoggerTest" name="tst01_TestingLog" time="0.666"/>
  <system-out/>
</testsuite> <!-- dstestcases.LoggerTest -->
