<?xml version="1.0" encoding="UTF-8"?>
<!-- Generated by org.testng.reporters.JUnitReportReporter -->
<testsuite hostname="DESKTOP-0NN2DFH" failures="0" tests="2" name="dstestcases.datastructuretest" time="1.058" errors="0" timestamp="2022-07-05T13:30:47 EDT" skipped="0">
  <testcase classname="dstestcases.datastructuretest" name="tst03_moveToDatastructurepage" time="0.276"/>
  <system-out/>
  <testcase classname="dstestcases.datastructuretest" name="tst04_Datastrutureaction" time="0.782"/>
  <system-out/>
</testsuite> <!-- dstestcases.datastructuretest -->
